<?xml version="1.0" encoding="UTF-8"?>
<!-- Generated by org.testng.reporters.JUnitReportReporter -->
<testsuite hostname="Sushma-PC" name="com.uiFramework.A" tests="1" failures="0" timestamp="10 Aug 2020 07:29:09 GMT" time="0.013" errors="0">
  <testcase name="testLoginA" time="0.013" classname="com.uiFramework.A"/>
</testsuite> <!-- com.uiFramework.A -->
